{"E:\\btpn_test2\\SimpleContact\\src\\API\\constants.js": {"path":"E:\\btpn_test2\\SimpleContact\\src\\API\\constants.js","statementMap":{"0":{"start":{"line":1,"column":27},"end":{"line":3,"column":1}}},"fnMap":{},"branchMap":{},"s":{"0":4},"f":{},"b":{},"_coverageSchema":"1a1c01bbd47fc00a2c39e90264f33305004495a9","hash":"4bbe88521c0a37287e37a03cb137741dcfca0be8"}
,"E:\\btpn_test2\\SimpleContact\\src\\API\\contact.js": {"path":"E:\\btpn_test2\\SimpleContact\\src\\API\\contact.js","statementMap":{"0":{"start":{"line":4,"column":12},"end":{"line":4,"column":45}},"1":{"start":{"line":5,"column":22},"end":{"line":18,"column":1}},"2":{"start":{"line":6,"column":2},"end":{"line":17,"column":3}},"3":{"start":{"line":7,"column":21},"end":{"line":7,"column":41}},"4":{"start":{"line":8,"column":4},"end":{"line":11,"column":6}},"5":{"start":{"line":13,"column":4},"end":{"line":16,"column":6}},"6":{"start":{"line":20,"column":19},"end":{"line":34,"column":1}},"7":{"start":{"line":21,"column":23},"end":{"line":21,"column":37}},"8":{"start":{"line":22,"column":2},"end":{"line":33,"column":3}},"9":{"start":{"line":23,"column":21},"end":{"line":23,"column":50}},"10":{"start":{"line":24,"column":4},"end":{"line":27,"column":6}},"11":{"start":{"line":29,"column":4},"end":{"line":32,"column":6}},"12":{"start":{"line":36,"column":20},"end":{"line":55,"column":1}},"13":{"start":{"line":37,"column":15},"end":{"line":42,"column":3}},"14":{"start":{"line":43,"column":2},"end":{"line":54,"column":3}},"15":{"start":{"line":44,"column":21},"end":{"line":44,"column":48}},"16":{"start":{"line":45,"column":4},"end":{"line":48,"column":6}},"17":{"start":{"line":50,"column":4},"end":{"line":53,"column":6}},"18":{"start":{"line":57,"column":22},"end":{"line":71,"column":1}},"19":{"start":{"line":58,"column":23},"end":{"line":58,"column":37}},"20":{"start":{"line":59,"column":2},"end":{"line":70,"column":3}},"21":{"start":{"line":60,"column":21},"end":{"line":60,"column":53}},"22":{"start":{"line":61,"column":4},"end":{"line":64,"column":6}},"23":{"start":{"line":66,"column":4},"end":{"line":69,"column":6}},"24":{"start":{"line":73,"column":20},"end":{"line":93,"column":1}},"25":{"start":{"line":74,"column":23},"end":{"line":74,"column":37}},"26":{"start":{"line":75,"column":15},"end":{"line":80,"column":3}},"27":{"start":{"line":81,"column":2},"end":{"line":92,"column":3}},"28":{"start":{"line":82,"column":21},"end":{"line":82,"column":56}},"29":{"start":{"line":83,"column":4},"end":{"line":86,"column":6}},"30":{"start":{"line":88,"column":4},"end":{"line":91,"column":6}}},"fnMap":{"0":{"name":"(anonymous_0)","decl":{"start":{"line":5,"column":22},"end":{"line":5,"column":23}},"loc":{"start":{"line":5,"column":34},"end":{"line":18,"column":1}},"line":5},"1":{"name":"(anonymous_1)","decl":{"start":{"line":20,"column":19},"end":{"line":20,"column":20}},"loc":{"start":{"line":20,"column":33},"end":{"line":34,"column":1}},"line":20},"2":{"name":"(anonymous_2)","decl":{"start":{"line":36,"column":20},"end":{"line":36,"column":21}},"loc":{"start":{"line":36,"column":65},"end":{"line":55,"column":1}},"line":36},"3":{"name":"(anonymous_3)","decl":{"start":{"line":57,"column":22},"end":{"line":57,"column":23}},"loc":{"start":{"line":57,"column":36},"end":{"line":71,"column":1}},"line":57},"4":{"name":"(anonymous_4)","decl":{"start":{"line":73,"column":20},"end":{"line":73,"column":21}},"loc":{"start":{"line":73,"column":69},"end":{"line":93,"column":1}},"line":73}},"branchMap":{},"s":{"0":4,"1":4,"2":1,"3":1,"4":1,"5":0,"6":4,"7":1,"8":1,"9":1,"10":1,"11":1,"12":4,"13":0,"14":0,"15":0,"16":0,"17":0,"18":4,"19":0,"20":0,"21":0,"22":0,"23":0,"24":4,"25":0,"26":0,"27":0,"28":0,"29":0,"30":0},"f":{"0":1,"1":1,"2":0,"3":0,"4":0},"b":{},"_coverageSchema":"1a1c01bbd47fc00a2c39e90264f33305004495a9","hash":"77dc3f61468cdf9b38190c2e9e4839bd465fc2e6"}
,"E:\\btpn_test2\\SimpleContact\\src\\components\\contactCard.js": {"path":"E:\\btpn_test2\\SimpleContact\\src\\components\\contactCard.js","statementMap":{"0":{"start":{"line":4,"column":20},"end":{"line":19,"column":1}},"1":{"start":{"line":5,"column":2},"end":{"line":18,"column":4}},"2":{"start":{"line":21,"column":15},"end":{"line":29,"column":2}}},"fnMap":{"0":{"name":"(anonymous_0)","decl":{"start":{"line":4,"column":20},"end":{"line":4,"column":21}},"loc":{"start":{"line":4,"column":56},"end":{"line":19,"column":1}},"line":4}},"branchMap":{},"s":{"0":2,"1":2,"2":2},"f":{"0":2},"b":{},"_coverageSchema":"1a1c01bbd47fc00a2c39e90264f33305004495a9","hash":"df69f67cce556abded60205c58dce7b96eab7c18"}
,"E:\\btpn_test2\\SimpleContact\\src\\components\\customHeader.js": {"path":"E:\\btpn_test2\\SimpleContact\\src\\components\\customHeader.js","statementMap":{"0":{"start":{"line":3,"column":21},"end":{"line":10,"column":1}},"1":{"start":{"line":4,"column":2},"end":{"line":9,"column":4}}},"fnMap":{"0":{"name":"(anonymous_0)","decl":{"start":{"line":3,"column":21},"end":{"line":3,"column":22}},"loc":{"start":{"line":3,"column":67},"end":{"line":10,"column":1}},"line":3}},"branchMap":{"0":{"loc":{"start":{"line":3,"column":30},"end":{"line":3,"column":48}},"type":"default-arg","locations":[{"start":{"line":3,"column":43},"end":{"line":3,"column":48}}],"line":3},"1":{"loc":{"start":{"line":6,"column":7},"end":{"line":6,"column":70}},"type":"cond-expr","locations":[{"start":{"line":6,"column":20},"end":{"line":6,"column":63}},{"start":{"line":6,"column":66},"end":{"line":6,"column":70}}],"line":6}},"s":{"0":4,"1":3},"f":{"0":3},"b":{"0":[2],"1":[1,2]},"_coverageSchema":"1a1c01bbd47fc00a2c39e90264f33305004495a9","hash":"d652fb8308eba4f0710b473a940047c8d671abf5"}
,"E:\\btpn_test2\\SimpleContact\\src\\components\\customImage.js": {"path":"E:\\btpn_test2\\SimpleContact\\src\\components\\customImage.js","statementMap":{"0":{"start":{"line":4,"column":20},"end":{"line":10,"column":1}},"1":{"start":{"line":5,"column":2},"end":{"line":9,"column":4}},"2":{"start":{"line":12,"column":15},"end":{"line":25,"column":2}}},"fnMap":{"0":{"name":"(anonymous_0)","decl":{"start":{"line":4,"column":20},"end":{"line":4,"column":21}},"loc":{"start":{"line":4,"column":34},"end":{"line":10,"column":1}},"line":4}},"branchMap":{},"s":{"0":1,"1":0,"2":1},"f":{"0":0},"b":{},"_coverageSchema":"1a1c01bbd47fc00a2c39e90264f33305004495a9","hash":"8576f5e2fff6b4aafe8c981b4198e5248cff87a9"}
,"E:\\btpn_test2\\SimpleContact\\src\\components\\customTextField.js": {"path":"E:\\btpn_test2\\SimpleContact\\src\\components\\customTextField.js","statementMap":{"0":{"start":{"line":5,"column":24},"end":{"line":35,"column":1}},"1":{"start":{"line":15,"column":2},"end":{"line":34,"column":4}},"2":{"start":{"line":25,"column":21},"end":{"line":25,"column":23}},"3":{"start":{"line":26,"column":10},"end":{"line":26,"column":29}},"4":{"start":{"line":27,"column":10},"end":{"line":27,"column":30}},"5":{"start":{"line":37,"column":15},"end":{"line":45,"column":2}}},"fnMap":{"0":{"name":"(anonymous_0)","decl":{"start":{"line":5,"column":24},"end":{"line":5,"column":25}},"loc":{"start":{"line":14,"column":6},"end":{"line":35,"column":1}},"line":14},"1":{"name":"(anonymous_1)","decl":{"start":{"line":24,"column":22},"end":{"line":24,"column":23}},"loc":{"start":{"line":24,"column":35},"end":{"line":28,"column":9}},"line":24}},"branchMap":{"0":{"loc":{"start":{"line":13,"column":2},"end":{"line":13,"column":19}},"type":"default-arg","locations":[{"start":{"line":13,"column":14},"end":{"line":13,"column":19}}],"line":13}},"s":{"0":3,"1":1,"2":0,"3":0,"4":0,"5":3},"f":{"0":1,"1":0},"b":{"0":[1]},"_coverageSchema":"1a1c01bbd47fc00a2c39e90264f33305004495a9","hash":"fbb38203c4c8f60818dcdd8033bd4188e2a9066a"}
,"E:\\btpn_test2\\SimpleContact\\src\\redux\\action\\contactAction.js": {"path":"E:\\btpn_test2\\SimpleContact\\src\\redux\\action\\contactAction.js","statementMap":{"0":{"start":{"line":9,"column":4},"end":{"line":9,"column":32}},"1":{"start":{"line":11,"column":23},"end":{"line":27,"column":1}},"2":{"start":{"line":11,"column":33},"end":{"line":27,"column":1}},"3":{"start":{"line":12,"column":2},"end":{"line":12,"column":65}},"4":{"start":{"line":13,"column":2},"end":{"line":26,"column":7}},"5":{"start":{"line":20,"column":6},"end":{"line":20,"column":70}},"6":{"start":{"line":23,"column":6},"end":{"line":23,"column":70}},"7":{"start":{"line":24,"column":6},"end":{"line":24,"column":38}},"8":{"start":{"line":25,"column":6},"end":{"line":25,"column":19}},"9":{"start":{"line":29,"column":25},"end":{"line":41,"column":1}},"10":{"start":{"line":29,"column":31},"end":{"line":41,"column":1}},"11":{"start":{"line":30,"column":2},"end":{"line":30,"column":65}},"12":{"start":{"line":31,"column":2},"end":{"line":40,"column":7}},"13":{"start":{"line":33,"column":6},"end":{"line":33,"column":70}},"14":{"start":{"line":34,"column":6},"end":{"line":34,"column":22}},"15":{"start":{"line":37,"column":6},"end":{"line":37,"column":50}},"16":{"start":{"line":38,"column":6},"end":{"line":38,"column":70}},"17":{"start":{"line":39,"column":6},"end":{"line":39,"column":19}},"18":{"start":{"line":43,"column":25},"end":{"line":54,"column":1}},"19":{"start":{"line":43,"column":33},"end":{"line":54,"column":1}},"20":{"start":{"line":44,"column":2},"end":{"line":44,"column":65}},"21":{"start":{"line":45,"column":2},"end":{"line":53,"column":7}},"22":{"start":{"line":47,"column":6},"end":{"line":47,"column":70}},"23":{"start":{"line":48,"column":6},"end":{"line":48,"column":22}},"24":{"start":{"line":51,"column":6},"end":{"line":51,"column":70}},"25":{"start":{"line":52,"column":6},"end":{"line":52,"column":19}},"26":{"start":{"line":56,"column":23},"end":{"line":67,"column":1}},"27":{"start":{"line":56,"column":33},"end":{"line":67,"column":1}},"28":{"start":{"line":57,"column":2},"end":{"line":57,"column":65}},"29":{"start":{"line":58,"column":2},"end":{"line":66,"column":7}},"30":{"start":{"line":60,"column":6},"end":{"line":60,"column":70}},"31":{"start":{"line":61,"column":6},"end":{"line":61,"column":22}},"32":{"start":{"line":64,"column":6},"end":{"line":64,"column":70}},"33":{"start":{"line":65,"column":6},"end":{"line":65,"column":19}},"34":{"start":{"line":69,"column":22},"end":{"line":80,"column":1}},"35":{"start":{"line":69,"column":30},"end":{"line":80,"column":1}},"36":{"start":{"line":70,"column":2},"end":{"line":70,"column":65}},"37":{"start":{"line":71,"column":2},"end":{"line":79,"column":7}},"38":{"start":{"line":73,"column":6},"end":{"line":73,"column":70}},"39":{"start":{"line":74,"column":6},"end":{"line":74,"column":22}},"40":{"start":{"line":77,"column":6},"end":{"line":77,"column":70}},"41":{"start":{"line":78,"column":6},"end":{"line":78,"column":19}}},"fnMap":{"0":{"name":"(anonymous_0)","decl":{"start":{"line":11,"column":23},"end":{"line":11,"column":24}},"loc":{"start":{"line":11,"column":33},"end":{"line":27,"column":1}},"line":11},"1":{"name":"(anonymous_1)","decl":{"start":{"line":11,"column":33},"end":{"line":11,"column":34}},"loc":{"start":{"line":11,"column":47},"end":{"line":27,"column":1}},"line":11},"2":{"name":"(anonymous_2)","decl":{"start":{"line":19,"column":10},"end":{"line":19,"column":11}},"loc":{"start":{"line":19,"column":24},"end":{"line":21,"column":5}},"line":19},"3":{"name":"(anonymous_3)","decl":{"start":{"line":22,"column":11},"end":{"line":22,"column":12}},"loc":{"start":{"line":22,"column":28},"end":{"line":26,"column":5}},"line":22},"4":{"name":"(anonymous_4)","decl":{"start":{"line":29,"column":25},"end":{"line":29,"column":26}},"loc":{"start":{"line":29,"column":31},"end":{"line":41,"column":1}},"line":29},"5":{"name":"(anonymous_5)","decl":{"start":{"line":29,"column":31},"end":{"line":29,"column":32}},"loc":{"start":{"line":29,"column":45},"end":{"line":41,"column":1}},"line":29},"6":{"name":"(anonymous_6)","decl":{"start":{"line":32,"column":10},"end":{"line":32,"column":11}},"loc":{"start":{"line":32,"column":24},"end":{"line":35,"column":5}},"line":32},"7":{"name":"(anonymous_7)","decl":{"start":{"line":36,"column":11},"end":{"line":36,"column":12}},"loc":{"start":{"line":36,"column":22},"end":{"line":40,"column":5}},"line":36},"8":{"name":"(anonymous_8)","decl":{"start":{"line":43,"column":25},"end":{"line":43,"column":26}},"loc":{"start":{"line":43,"column":33},"end":{"line":54,"column":1}},"line":43},"9":{"name":"(anonymous_9)","decl":{"start":{"line":43,"column":33},"end":{"line":43,"column":34}},"loc":{"start":{"line":43,"column":47},"end":{"line":54,"column":1}},"line":43},"10":{"name":"(anonymous_10)","decl":{"start":{"line":46,"column":10},"end":{"line":46,"column":11}},"loc":{"start":{"line":46,"column":24},"end":{"line":49,"column":5}},"line":46},"11":{"name":"(anonymous_11)","decl":{"start":{"line":50,"column":11},"end":{"line":50,"column":12}},"loc":{"start":{"line":50,"column":22},"end":{"line":53,"column":5}},"line":50},"12":{"name":"(anonymous_12)","decl":{"start":{"line":56,"column":23},"end":{"line":56,"column":24}},"loc":{"start":{"line":56,"column":33},"end":{"line":67,"column":1}},"line":56},"13":{"name":"(anonymous_13)","decl":{"start":{"line":56,"column":33},"end":{"line":56,"column":34}},"loc":{"start":{"line":56,"column":47},"end":{"line":67,"column":1}},"line":56},"14":{"name":"(anonymous_14)","decl":{"start":{"line":59,"column":10},"end":{"line":59,"column":11}},"loc":{"start":{"line":59,"column":24},"end":{"line":62,"column":5}},"line":59},"15":{"name":"(anonymous_15)","decl":{"start":{"line":63,"column":11},"end":{"line":63,"column":12}},"loc":{"start":{"line":63,"column":22},"end":{"line":66,"column":5}},"line":63},"16":{"name":"(anonymous_16)","decl":{"start":{"line":69,"column":22},"end":{"line":69,"column":23}},"loc":{"start":{"line":69,"column":30},"end":{"line":80,"column":1}},"line":69},"17":{"name":"(anonymous_17)","decl":{"start":{"line":69,"column":30},"end":{"line":69,"column":31}},"loc":{"start":{"line":69,"column":44},"end":{"line":80,"column":1}},"line":69},"18":{"name":"(anonymous_18)","decl":{"start":{"line":72,"column":10},"end":{"line":72,"column":11}},"loc":{"start":{"line":72,"column":24},"end":{"line":75,"column":5}},"line":72},"19":{"name":"(anonymous_19)","decl":{"start":{"line":76,"column":11},"end":{"line":76,"column":12}},"loc":{"start":{"line":76,"column":22},"end":{"line":79,"column":5}},"line":76}},"branchMap":{},"s":{"0":3,"1":3,"2":0,"3":0,"4":0,"5":0,"6":0,"7":0,"8":0,"9":3,"10":0,"11":0,"12":0,"13":0,"14":0,"15":0,"16":0,"17":0,"18":3,"19":0,"20":0,"21":0,"22":0,"23":0,"24":0,"25":0,"26":3,"27":0,"28":0,"29":0,"30":0,"31":0,"32":0,"33":0,"34":3,"35":0,"36":0,"37":0,"38":0,"39":0,"40":0,"41":0},"f":{"0":0,"1":0,"2":0,"3":0,"4":0,"5":0,"6":0,"7":0,"8":0,"9":0,"10":0,"11":0,"12":0,"13":0,"14":0,"15":0,"16":0,"17":0,"18":0,"19":0},"b":{},"_coverageSchema":"1a1c01bbd47fc00a2c39e90264f33305004495a9","hash":"aee1f9616d882a7c80b2bc52679c0320629fd5c4"}
,"E:\\btpn_test2\\SimpleContact\\src\\redux\\type\\actionType.js": {"path":"E:\\btpn_test2\\SimpleContact\\src\\redux\\type\\actionType.js","statementMap":{"0":{"start":{"line":1,"column":35},"end":{"line":3,"column":1}}},"fnMap":{},"branchMap":{},"s":{"0":3},"f":{},"b":{},"_coverageSchema":"1a1c01bbd47fc00a2c39e90264f33305004495a9","hash":"129b1b0adf4655dfb415eb783f798052702c0507"}
,"E:\\btpn_test2\\SimpleContact\\src\\screens\\ContactList.js": {"path":"E:\\btpn_test2\\SimpleContact\\src\\screens\\ContactList.js","statementMap":{"0":{"start":{"line":20,"column":4},"end":{"line":20,"column":17}},"1":{"start":{"line":22,"column":4},"end":{"line":27,"column":6}},"2":{"start":{"line":30,"column":23},"end":{"line":43,"column":3}},"3":{"start":{"line":31,"column":4},"end":{"line":42,"column":9}},"4":{"start":{"line":34,"column":8},"end":{"line":38,"column":9}},"5":{"start":{"line":35,"column":10},"end":{"line":37,"column":13}},"6":{"start":{"line":41,"column":8},"end":{"line":41,"column":27}},"7":{"start":{"line":45,"column":25},"end":{"line":55,"column":3}},"8":{"start":{"line":46,"column":4},"end":{"line":54,"column":9}},"9":{"start":{"line":49,"column":8},"end":{"line":49,"column":51}},"10":{"start":{"line":50,"column":8},"end":{"line":50,"column":29}},"11":{"start":{"line":53,"column":8},"end":{"line":53,"column":27}},"12":{"start":{"line":57,"column":15},"end":{"line":73,"column":3}},"13":{"start":{"line":58,"column":4},"end":{"line":58,"column":38}},"14":{"start":{"line":59,"column":4},"end":{"line":72,"column":5}},"15":{"start":{"line":60,"column":6},"end":{"line":67,"column":11}},"16":{"start":{"line":63,"column":10},"end":{"line":63,"column":54}},"17":{"start":{"line":66,"column":10},"end":{"line":66,"column":23}},"18":{"start":{"line":68,"column":6},"end":{"line":68,"column":33}},"19":{"start":{"line":70,"column":6},"end":{"line":70,"column":69}},"20":{"start":{"line":71,"column":6},"end":{"line":71,"column":33}},"21":{"start":{"line":75,"column":16},"end":{"line":77,"column":3}},"22":{"start":{"line":76,"column":4},"end":{"line":76,"column":58}},"23":{"start":{"line":79,"column":15},"end":{"line":89,"column":3}},"24":{"start":{"line":80,"column":4},"end":{"line":88,"column":6}},"25":{"start":{"line":84,"column":36},"end":{"line":84,"column":65}},"26":{"start":{"line":91,"column":18},"end":{"line":95,"column":3}},"27":{"start":{"line":92,"column":4},"end":{"line":94,"column":7}},"28":{"start":{"line":97,"column":21},"end":{"line":101,"column":3}},"29":{"start":{"line":98,"column":4},"end":{"line":100,"column":7}},"30":{"start":{"line":103,"column":16},"end":{"line":107,"column":3}},"31":{"start":{"line":104,"column":4},"end":{"line":106,"column":7}},"32":{"start":{"line":109,"column":19},"end":{"line":113,"column":3}},"33":{"start":{"line":110,"column":4},"end":{"line":112,"column":7}},"34":{"start":{"line":116,"column":4},"end":{"line":116,"column":30}},"35":{"start":{"line":120,"column":4},"end":{"line":165,"column":6}},"36":{"start":{"line":134,"column":12},"end":{"line":140,"column":15}},"37":{"start":{"line":137,"column":33},"end":{"line":137,"column":58}},"38":{"start":{"line":138,"column":35},"end":{"line":138,"column":59}},"39":{"start":{"line":142,"column":34},"end":{"line":142,"column":41}},"40":{"start":{"line":161,"column":25},"end":{"line":161,"column":72}},"41":{"start":{"line":169,"column":15},"end":{"line":176,"column":2}},"42":{"start":{"line":177,"column":19},"end":{"line":179,"column":2}},"43":{"start":{"line":177,"column":31},"end":{"line":179,"column":1}},"44":{"start":{"line":181,"column":22},"end":{"line":184,"column":2}},"45":{"start":{"line":181,"column":37},"end":{"line":184,"column":1}},"46":{"start":{"line":182,"column":24},"end":{"line":182,"column":52}},"47":{"start":{"line":183,"column":25},"end":{"line":183,"column":55}}},"fnMap":{"0":{"name":"(anonymous_0)","decl":{"start":{"line":19,"column":2},"end":{"line":19,"column":3}},"loc":{"start":{"line":19,"column":21},"end":{"line":28,"column":3}},"line":19},"1":{"name":"(anonymous_1)","decl":{"start":{"line":30,"column":23},"end":{"line":30,"column":24}},"loc":{"start":{"line":30,"column":29},"end":{"line":43,"column":3}},"line":30},"2":{"name":"(anonymous_2)","decl":{"start":{"line":33,"column":12},"end":{"line":33,"column":13}},"loc":{"start":{"line":33,"column":21},"end":{"line":39,"column":7}},"line":33},"3":{"name":"(anonymous_3)","decl":{"start":{"line":40,"column":13},"end":{"line":40,"column":14}},"loc":{"start":{"line":40,"column":24},"end":{"line":42,"column":7}},"line":40},"4":{"name":"(anonymous_4)","decl":{"start":{"line":45,"column":25},"end":{"line":45,"column":26}},"loc":{"start":{"line":45,"column":33},"end":{"line":55,"column":3}},"line":45},"5":{"name":"(anonymous_5)","decl":{"start":{"line":48,"column":12},"end":{"line":48,"column":13}},"loc":{"start":{"line":48,"column":21},"end":{"line":51,"column":7}},"line":48},"6":{"name":"(anonymous_6)","decl":{"start":{"line":52,"column":13},"end":{"line":52,"column":14}},"loc":{"start":{"line":52,"column":24},"end":{"line":54,"column":7}},"line":52},"7":{"name":"(anonymous_7)","decl":{"start":{"line":57,"column":15},"end":{"line":57,"column":16}},"loc":{"start":{"line":57,"column":21},"end":{"line":73,"column":3}},"line":57},"8":{"name":"(anonymous_8)","decl":{"start":{"line":62,"column":14},"end":{"line":62,"column":15}},"loc":{"start":{"line":62,"column":23},"end":{"line":64,"column":9}},"line":62},"9":{"name":"(anonymous_9)","decl":{"start":{"line":65,"column":15},"end":{"line":65,"column":16}},"loc":{"start":{"line":65,"column":26},"end":{"line":67,"column":9}},"line":65},"10":{"name":"(anonymous_10)","decl":{"start":{"line":75,"column":16},"end":{"line":75,"column":17}},"loc":{"start":{"line":75,"column":24},"end":{"line":77,"column":3}},"line":75},"11":{"name":"(anonymous_11)","decl":{"start":{"line":79,"column":15},"end":{"line":79,"column":16}},"loc":{"start":{"line":79,"column":23},"end":{"line":89,"column":3}},"line":79},"12":{"name":"(anonymous_12)","decl":{"start":{"line":84,"column":30},"end":{"line":84,"column":31}},"loc":{"start":{"line":84,"column":36},"end":{"line":84,"column":65}},"line":84},"13":{"name":"(anonymous_13)","decl":{"start":{"line":85,"column":34},"end":{"line":85,"column":35}},"loc":{"start":{"line":85,"column":40},"end":{"line":85,"column":42}},"line":85},"14":{"name":"(anonymous_14)","decl":{"start":{"line":91,"column":18},"end":{"line":91,"column":19}},"loc":{"start":{"line":91,"column":24},"end":{"line":95,"column":3}},"line":91},"15":{"name":"(anonymous_15)","decl":{"start":{"line":97,"column":21},"end":{"line":97,"column":22}},"loc":{"start":{"line":97,"column":27},"end":{"line":101,"column":3}},"line":97},"16":{"name":"(anonymous_16)","decl":{"start":{"line":103,"column":16},"end":{"line":103,"column":17}},"loc":{"start":{"line":103,"column":27},"end":{"line":107,"column":3}},"line":103},"17":{"name":"(anonymous_17)","decl":{"start":{"line":109,"column":19},"end":{"line":109,"column":20}},"loc":{"start":{"line":109,"column":30},"end":{"line":113,"column":3}},"line":109},"18":{"name":"(anonymous_18)","decl":{"start":{"line":115,"column":2},"end":{"line":115,"column":3}},"loc":{"start":{"line":115,"column":22},"end":{"line":117,"column":3}},"line":115},"19":{"name":"(anonymous_19)","decl":{"start":{"line":119,"column":2},"end":{"line":119,"column":3}},"loc":{"start":{"line":119,"column":11},"end":{"line":166,"column":3}},"line":119},"20":{"name":"(anonymous_20)","decl":{"start":{"line":133,"column":22},"end":{"line":133,"column":23}},"loc":{"start":{"line":134,"column":12},"end":{"line":140,"column":15}},"line":134},"21":{"name":"(anonymous_21)","decl":{"start":{"line":137,"column":27},"end":{"line":137,"column":28}},"loc":{"start":{"line":137,"column":33},"end":{"line":137,"column":58}},"line":137},"22":{"name":"(anonymous_22)","decl":{"start":{"line":138,"column":29},"end":{"line":138,"column":30}},"loc":{"start":{"line":138,"column":35},"end":{"line":138,"column":59}},"line":138},"23":{"name":"(anonymous_23)","decl":{"start":{"line":142,"column":24},"end":{"line":142,"column":25}},"loc":{"start":{"line":142,"column":34},"end":{"line":142,"column":41}},"line":142},"24":{"name":"(anonymous_24)","decl":{"start":{"line":155,"column":21},"end":{"line":155,"column":22}},"loc":{"start":{"line":155,"column":27},"end":{"line":155,"column":29}},"line":155},"25":{"name":"(anonymous_25)","decl":{"start":{"line":161,"column":19},"end":{"line":161,"column":20}},"loc":{"start":{"line":161,"column":25},"end":{"line":161,"column":72}},"line":161},"26":{"name":"(anonymous_26)","decl":{"start":{"line":177,"column":19},"end":{"line":177,"column":20}},"loc":{"start":{"line":177,"column":31},"end":{"line":179,"column":1}},"line":177},"27":{"name":"(anonymous_27)","decl":{"start":{"line":181,"column":22},"end":{"line":181,"column":23}},"loc":{"start":{"line":181,"column":37},"end":{"line":184,"column":1}},"line":181},"28":{"name":"(anonymous_28)","decl":{"start":{"line":182,"column":18},"end":{"line":182,"column":19}},"loc":{"start":{"line":182,"column":24},"end":{"line":182,"column":52}},"line":182},"29":{"name":"(anonymous_29)","decl":{"start":{"line":183,"column":17},"end":{"line":183,"column":18}},"loc":{"start":{"line":183,"column":25},"end":{"line":183,"column":55}},"line":183}},"branchMap":{"0":{"loc":{"start":{"line":34,"column":8},"end":{"line":38,"column":9}},"type":"if","locations":[{"start":{"line":34,"column":8},"end":{"line":38,"column":9}},{"start":{"line":34,"column":8},"end":{"line":38,"column":9}}],"line":34},"1":{"loc":{"start":{"line":59,"column":4},"end":{"line":72,"column":5}},"type":"if","locations":[{"start":{"line":59,"column":4},"end":{"line":72,"column":5}},{"start":{"line":59,"column":4},"end":{"line":72,"column":5}}],"line":59},"2":{"loc":{"start":{"line":123,"column":9},"end":{"line":129,"column":16}},"type":"cond-expr","locations":[{"start":{"line":124,"column":10},"end":{"line":127,"column":12}},{"start":{"line":129,"column":10},"end":{"line":129,"column":15}}],"line":123}},"s":{"0":0,"1":0,"2":0,"3":0,"4":0,"5":0,"6":0,"7":0,"8":0,"9":0,"10":0,"11":0,"12":0,"13":0,"14":0,"15":0,"16":0,"17":0,"18":0,"19":0,"20":0,"21":0,"22":0,"23":0,"24":0,"25":0,"26":0,"27":0,"28":0,"29":0,"30":0,"31":0,"32":0,"33":0,"34":0,"35":0,"36":0,"37":0,"38":0,"39":0,"40":0,"41":1,"42":1,"43":0,"44":1,"45":0,"46":0,"47":0},"f":{"0":0,"1":0,"2":0,"3":0,"4":0,"5":0,"6":0,"7":0,"8":0,"9":0,"10":0,"11":0,"12":0,"13":0,"14":0,"15":0,"16":0,"17":0,"18":0,"19":0,"20":0,"21":0,"22":0,"23":0,"24":0,"25":0,"26":0,"27":0,"28":0,"29":0},"b":{"0":[0,0],"1":[0,0],"2":[0,0]},"_coverageSchema":"1a1c01bbd47fc00a2c39e90264f33305004495a9","hash":"4374f266f15f1ae52eb2771750b49883e89338c2"}
,"E:\\btpn_test2\\SimpleContact\\src\\screens\\CreateContact.js": {"path":"E:\\btpn_test2\\SimpleContact\\src\\screens\\CreateContact.js","statementMap":{"0":{"start":{"line":12,"column":4},"end":{"line":12,"column":17}},"1":{"start":{"line":14,"column":4},"end":{"line":19,"column":6}},"2":{"start":{"line":22,"column":23},"end":{"line":31,"column":3}},"3":{"start":{"line":23,"column":4},"end":{"line":28,"column":7}},"4":{"start":{"line":29,"column":4},"end":{"line":29,"column":22}},"5":{"start":{"line":30,"column":4},"end":{"line":30,"column":50}},"6":{"start":{"line":33,"column":22},"end":{"line":35,"column":3}},"7":{"start":{"line":34,"column":4},"end":{"line":34,"column":25}},"8":{"start":{"line":37,"column":22},"end":{"line":39,"column":3}},"9":{"start":{"line":38,"column":4},"end":{"line":38,"column":35}},"10":{"start":{"line":41,"column":15},"end":{"line":47,"column":3}},"11":{"start":{"line":42,"column":4},"end":{"line":46,"column":7}},"12":{"start":{"line":50,"column":4},"end":{"line":91,"column":6}},"13":{"start":{"line":95,"column":15},"end":{"line":103,"column":2}},"14":{"start":{"line":105,"column":19},"end":{"line":107,"column":2}},"15":{"start":{"line":105,"column":31},"end":{"line":107,"column":1}},"16":{"start":{"line":109,"column":22},"end":{"line":111,"column":2}},"17":{"start":{"line":109,"column":37},"end":{"line":111,"column":1}},"18":{"start":{"line":110,"column":25},"end":{"line":110,"column":55}}},"fnMap":{"0":{"name":"(anonymous_0)","decl":{"start":{"line":11,"column":2},"end":{"line":11,"column":3}},"loc":{"start":{"line":11,"column":21},"end":{"line":20,"column":3}},"line":11},"1":{"name":"(anonymous_1)","decl":{"start":{"line":22,"column":23},"end":{"line":22,"column":24}},"loc":{"start":{"line":22,"column":29},"end":{"line":31,"column":3}},"line":22},"2":{"name":"(anonymous_2)","decl":{"start":{"line":33,"column":22},"end":{"line":33,"column":23}},"loc":{"start":{"line":33,"column":33},"end":{"line":35,"column":3}},"line":33},"3":{"name":"(anonymous_3)","decl":{"start":{"line":37,"column":22},"end":{"line":37,"column":23}},"loc":{"start":{"line":37,"column":28},"end":{"line":39,"column":3}},"line":37},"4":{"name":"(anonymous_4)","decl":{"start":{"line":41,"column":15},"end":{"line":41,"column":16}},"loc":{"start":{"line":41,"column":21},"end":{"line":47,"column":3}},"line":41},"5":{"name":"(anonymous_5)","decl":{"start":{"line":49,"column":2},"end":{"line":49,"column":3}},"loc":{"start":{"line":49,"column":11},"end":{"line":92,"column":3}},"line":49},"6":{"name":"(anonymous_6)","decl":{"start":{"line":105,"column":19},"end":{"line":105,"column":20}},"loc":{"start":{"line":105,"column":31},"end":{"line":107,"column":1}},"line":105},"7":{"name":"(anonymous_7)","decl":{"start":{"line":109,"column":22},"end":{"line":109,"column":23}},"loc":{"start":{"line":109,"column":37},"end":{"line":111,"column":1}},"line":109},"8":{"name":"(anonymous_8)","decl":{"start":{"line":110,"column":15},"end":{"line":110,"column":16}},"loc":{"start":{"line":110,"column":25},"end":{"line":110,"column":55}},"line":110}},"branchMap":{},"s":{"0":0,"1":0,"2":0,"3":0,"4":0,"5":0,"6":0,"7":0,"8":0,"9":0,"10":0,"11":0,"12":0,"13":1,"14":1,"15":0,"16":1,"17":0,"18":0},"f":{"0":0,"1":0,"2":0,"3":0,"4":0,"5":0,"6":0,"7":0,"8":0},"b":{},"_coverageSchema":"1a1c01bbd47fc00a2c39e90264f33305004495a9","hash":"5c1db86808c94916e32479e32c01929cad29d82f"}
,"E:\\btpn_test2\\SimpleContact\\src\\screens\\DetailContact.js": {"path":"E:\\btpn_test2\\SimpleContact\\src\\screens\\DetailContact.js","statementMap":{"0":{"start":{"line":10,"column":12},"end":{"line":10,"column":48}},"1":{"start":{"line":13,"column":4},"end":{"line":13,"column":17}},"2":{"start":{"line":15,"column":4},"end":{"line":23,"column":6}},"3":{"start":{"line":27,"column":4},"end":{"line":27,"column":29}},"4":{"start":{"line":30,"column":22},"end":{"line":32,"column":3}},"5":{"start":{"line":31,"column":4},"end":{"line":31,"column":35}},"6":{"start":{"line":34,"column":22},"end":{"line":49,"column":3}},"7":{"start":{"line":35,"column":4},"end":{"line":48,"column":9}},"8":{"start":{"line":38,"column":8},"end":{"line":44,"column":11}},"9":{"start":{"line":47,"column":8},"end":{"line":47,"column":27}},"10":{"start":{"line":51,"column":23},"end":{"line":68,"column":3}},"11":{"start":{"line":52,"column":18},"end":{"line":58,"column":5}},"12":{"start":{"line":59,"column":4},"end":{"line":67,"column":9}},"13":{"start":{"line":62,"column":8},"end":{"line":62,"column":56}},"14":{"start":{"line":63,"column":8},"end":{"line":63,"column":29}},"15":{"start":{"line":66,"column":8},"end":{"line":66,"column":27}},"16":{"start":{"line":70,"column":21},"end":{"line":74,"column":3}},"17":{"start":{"line":71,"column":4},"end":{"line":73,"column":7}},"18":{"start":{"line":76,"column":22},"end":{"line":80,"column":3}},"19":{"start":{"line":77,"column":4},"end":{"line":79,"column":7}},"20":{"start":{"line":82,"column":22},"end":{"line":84,"column":3}},"21":{"start":{"line":83,"column":4},"end":{"line":83,"column":25}},"22":{"start":{"line":86,"column":18},"end":{"line":90,"column":3}},"23":{"start":{"line":87,"column":4},"end":{"line":89,"column":7}},"24":{"start":{"line":92,"column":21},"end":{"line":96,"column":3}},"25":{"start":{"line":93,"column":4},"end":{"line":95,"column":7}},"26":{"start":{"line":99,"column":4},"end":{"line":176,"column":6}},"27":{"start":{"line":148,"column":31},"end":{"line":148,"column":56}},"28":{"start":{"line":169,"column":14},"end":{"line":169,"column":60}},"29":{"start":{"line":180,"column":15},"end":{"line":196,"column":2}},"30":{"start":{"line":198,"column":19},"end":{"line":200,"column":2}},"31":{"start":{"line":198,"column":31},"end":{"line":200,"column":1}},"32":{"start":{"line":202,"column":22},"end":{"line":205,"column":2}},"33":{"start":{"line":202,"column":37},"end":{"line":205,"column":1}},"34":{"start":{"line":203,"column":22},"end":{"line":203,"column":49}},"35":{"start":{"line":204,"column":25},"end":{"line":204,"column":55}}},"fnMap":{"0":{"name":"(anonymous_0)","decl":{"start":{"line":12,"column":2},"end":{"line":12,"column":3}},"loc":{"start":{"line":12,"column":21},"end":{"line":24,"column":3}},"line":12},"1":{"name":"(anonymous_1)","decl":{"start":{"line":26,"column":2},"end":{"line":26,"column":3}},"loc":{"start":{"line":26,"column":22},"end":{"line":28,"column":3}},"line":26},"2":{"name":"(anonymous_2)","decl":{"start":{"line":30,"column":22},"end":{"line":30,"column":23}},"loc":{"start":{"line":30,"column":28},"end":{"line":32,"column":3}},"line":30},"3":{"name":"(anonymous_3)","decl":{"start":{"line":34,"column":22},"end":{"line":34,"column":23}},"loc":{"start":{"line":34,"column":28},"end":{"line":49,"column":3}},"line":34},"4":{"name":"(anonymous_4)","decl":{"start":{"line":37,"column":12},"end":{"line":37,"column":13}},"loc":{"start":{"line":37,"column":26},"end":{"line":45,"column":7}},"line":37},"5":{"name":"(anonymous_5)","decl":{"start":{"line":46,"column":13},"end":{"line":46,"column":14}},"loc":{"start":{"line":46,"column":24},"end":{"line":48,"column":7}},"line":46},"6":{"name":"(anonymous_6)","decl":{"start":{"line":51,"column":23},"end":{"line":51,"column":24}},"loc":{"start":{"line":51,"column":29},"end":{"line":68,"column":3}},"line":51},"7":{"name":"(anonymous_7)","decl":{"start":{"line":61,"column":12},"end":{"line":61,"column":13}},"loc":{"start":{"line":61,"column":26},"end":{"line":64,"column":7}},"line":61},"8":{"name":"(anonymous_8)","decl":{"start":{"line":65,"column":13},"end":{"line":65,"column":14}},"loc":{"start":{"line":65,"column":24},"end":{"line":67,"column":7}},"line":65},"9":{"name":"(anonymous_9)","decl":{"start":{"line":70,"column":21},"end":{"line":70,"column":22}},"loc":{"start":{"line":70,"column":27},"end":{"line":74,"column":3}},"line":70},"10":{"name":"(anonymous_10)","decl":{"start":{"line":76,"column":22},"end":{"line":76,"column":23}},"loc":{"start":{"line":76,"column":28},"end":{"line":80,"column":3}},"line":76},"11":{"name":"(anonymous_11)","decl":{"start":{"line":82,"column":22},"end":{"line":82,"column":23}},"loc":{"start":{"line":82,"column":33},"end":{"line":84,"column":3}},"line":82},"12":{"name":"(anonymous_12)","decl":{"start":{"line":86,"column":18},"end":{"line":86,"column":19}},"loc":{"start":{"line":86,"column":24},"end":{"line":90,"column":3}},"line":86},"13":{"name":"(anonymous_13)","decl":{"start":{"line":92,"column":21},"end":{"line":92,"column":22}},"loc":{"start":{"line":92,"column":27},"end":{"line":96,"column":3}},"line":92},"14":{"name":"(anonymous_14)","decl":{"start":{"line":98,"column":2},"end":{"line":98,"column":3}},"loc":{"start":{"line":98,"column":11},"end":{"line":177,"column":3}},"line":98},"15":{"name":"(anonymous_15)","decl":{"start":{"line":148,"column":25},"end":{"line":148,"column":26}},"loc":{"start":{"line":148,"column":31},"end":{"line":148,"column":56}},"line":148},"16":{"name":"(anonymous_16)","decl":{"start":{"line":168,"column":21},"end":{"line":168,"column":22}},"loc":{"start":{"line":168,"column":27},"end":{"line":170,"column":13}},"line":168},"17":{"name":"(anonymous_17)","decl":{"start":{"line":198,"column":19},"end":{"line":198,"column":20}},"loc":{"start":{"line":198,"column":31},"end":{"line":200,"column":1}},"line":198},"18":{"name":"(anonymous_18)","decl":{"start":{"line":202,"column":22},"end":{"line":202,"column":23}},"loc":{"start":{"line":202,"column":37},"end":{"line":205,"column":1}},"line":202},"19":{"name":"(anonymous_19)","decl":{"start":{"line":203,"column":14},"end":{"line":203,"column":15}},"loc":{"start":{"line":203,"column":22},"end":{"line":203,"column":49}},"line":203},"20":{"name":"(anonymous_20)","decl":{"start":{"line":204,"column":15},"end":{"line":204,"column":16}},"loc":{"start":{"line":204,"column":25},"end":{"line":204,"column":55}},"line":204}},"branchMap":{"0":{"loc":{"start":{"line":137,"column":13},"end":{"line":152,"column":13}},"type":"cond-expr","locations":[{"start":{"line":138,"column":14},"end":{"line":143,"column":23}},{"start":{"line":145,"column":14},"end":{"line":151,"column":23}}],"line":137}},"s":{"0":0,"1":0,"2":0,"3":0,"4":0,"5":0,"6":0,"7":0,"8":0,"9":0,"10":0,"11":0,"12":0,"13":0,"14":0,"15":0,"16":0,"17":0,"18":0,"19":0,"20":0,"21":0,"22":0,"23":0,"24":0,"25":0,"26":0,"27":0,"28":0,"29":1,"30":1,"31":0,"32":1,"33":0,"34":0,"35":0},"f":{"0":0,"1":0,"2":0,"3":0,"4":0,"5":0,"6":0,"7":0,"8":0,"9":0,"10":0,"11":0,"12":0,"13":0,"14":0,"15":0,"16":0,"17":0,"18":0,"19":0,"20":0},"b":{"0":[0,0]},"_coverageSchema":"1a1c01bbd47fc00a2c39e90264f33305004495a9","hash":"4658df10fcf793aa4c69a5e2970f77ff71ff7621"}
}
